TN:
SF:src/app.ts
FN:40,(anonymous_1)
FN:41,(anonymous_2)
FN:44,(anonymous_3)
FNF:3
FNH:2
FNDA:1,(anonymous_1)
FNDA:1,(anonymous_2)
FNDA:0,(anonymous_3)
DA:1,1
DA:2,1
DA:3,1
DA:4,1
DA:5,1
DA:6,1
DA:7,1
DA:8,1
DA:9,1
DA:10,1
DA:13,1
DA:15,1
DA:16,1
DA:17,1
DA:18,1
DA:20,1
DA:21,1
DA:31,1
DA:32,1
DA:33,1
DA:34,1
DA:35,1
DA:38,1
DA:41,1
DA:42,1
DA:45,0
LF:26
LH:25
BRDA:16,0,0,1
BRDA:16,0,1,0
BRDA:17,1,0,1
BRDA:17,1,1,1
BRF:4
BRH:3
end_of_record
TN:
SF:src/controllers/auth.ts
FN:11,(anonymous_1)
FN:22,(anonymous_2)
FN:28,(anonymous_3)
FN:40,(anonymous_4)
FN:43,(anonymous_5)
FN:44,(anonymous_6)
FNF:6
FNH:5
FNDA:55,(anonymous_1)
FNDA:52,(anonymous_2)
FNDA:52,(anonymous_3)
FNDA:0,(anonymous_4)
FNDA:1,(anonymous_5)
FNDA:1,(anonymous_6)
DA:2,1
DA:3,1
DA:4,1
DA:5,1
DA:6,1
DA:8,1
DA:9,1
DA:11,1
DA:13,55
DA:14,55
DA:16,55
DA:17,3
DA:20,52
DA:23,52
DA:24,52
DA:25,52
DA:29,52
DA:30,51
DA:34,51
DA:35,51
DA:36,51
DA:38,1
DA:40,0
DA:43,1
DA:44,1
DA:45,1
LF:26
LH:25
BRDA:9,0,0,1
BRDA:9,0,1,1
BRDA:16,1,0,3
BRDA:16,1,1,52
BRDA:23,2,0,52
BRDA:23,2,1,0
BRDA:29,3,0,51
BRDA:29,3,1,1
BRF:8
BRH:7
end_of_record
TN:
SF:src/controllers/candidate.ts
FN:7,(anonymous_8)
FN:15,(anonymous_9)
FN:19,(anonymous_10)
FN:24,(anonymous_11)
FN:24,(anonymous_12)
FN:41,(anonymous_13)
FN:43,(anonymous_14)
FN:48,(anonymous_15)
FN:51,(anonymous_16)
FN:56,(anonymous_17)
FN:61,(anonymous_18)
FN:61,(anonymous_19)
FN:69,(anonymous_20)
FN:78,(anonymous_21)
FN:79,(anonymous_22)
FN:81,(anonymous_23)
FNF:16
FNH:11
FNDA:1,(anonymous_8)
FNDA:1,(anonymous_9)
FNDA:0,(anonymous_10)
FNDA:2,(anonymous_11)
FNDA:2,(anonymous_12)
FNDA:1,(anonymous_13)
FNDA:0,(anonymous_14)
FNDA:2,(anonymous_15)
FNDA:2,(anonymous_16)
FNDA:0,(anonymous_17)
FNDA:2,(anonymous_18)
FNDA:2,(anonymous_19)
FNDA:2,(anonymous_20)
FNDA:1,(anonymous_21)
FNDA:0,(anonymous_22)
FNDA:0,(anonymous_23)
DA:2,1
DA:3,1
DA:4,1
DA:5,1
DA:7,1
DA:8,1
DA:16,1
DA:20,0
DA:24,2
DA:26,2
DA:27,2
DA:28,2
DA:29,1
DA:31,1
DA:42,1
DA:44,0
DA:48,1
DA:49,2
DA:52,2
DA:53,1
DA:55,1
DA:57,0
DA:61,2
DA:63,2
DA:64,2
DA:67,2
DA:70,2
DA:71,1
DA:73,1
DA:78,1
DA:79,0
DA:81,0
LF:32
LH:27
BRDA:28,0,0,1
BRDA:28,0,1,1
BRDA:52,1,0,1
BRDA:52,1,1,1
BRDA:63,2,0,2
BRDA:63,2,1,0
BRDA:70,3,0,1
BRDA:70,3,1,1
BRF:8
BRH:7
end_of_record
TN:
SF:src/controllers/courtSearch.ts
FN:6,(anonymous_1)
FN:9,(anonymous_2)
FN:12,(anonymous_3)
FN:17,(anonymous_4)
FN:29,(anonymous_5)
FN:32,(anonymous_6)
FN:37,(anonymous_7)
FN:40,(anonymous_8)
FN:46,(anonymous_9)
FN:51,(anonymous_10)
FN:54,(anonymous_11)
FN:63,(anonymous_12)
FN:64,(anonymous_13)
FN:66,(anonymous_14)
FNF:14
FNH:9
FNDA:2,(anonymous_1)
FNDA:1,(anonymous_2)
FNDA:0,(anonymous_3)
FNDA:2,(anonymous_4)
FNDA:1,(anonymous_5)
FNDA:0,(anonymous_6)
FNDA:2,(anonymous_7)
FNDA:2,(anonymous_8)
FNDA:0,(anonymous_9)
FNDA:2,(anonymous_10)
FNDA:2,(anonymous_11)
FNDA:1,(anonymous_12)
FNDA:0,(anonymous_13)
FNDA:0,(anonymous_14)
DA:2,1
DA:3,1
DA:6,1
DA:7,2
DA:10,1
DA:13,0
DA:17,1
DA:18,2
DA:19,2
DA:20,1
DA:22,1
DA:30,1
DA:33,0
DA:37,1
DA:38,2
DA:41,2
DA:42,1
DA:44,1
DA:47,0
DA:51,1
DA:52,2
DA:55,2
DA:56,1
DA:58,1
DA:63,1
DA:64,0
DA:67,0
LF:27
LH:22
BRDA:19,0,0,1
BRDA:19,0,1,1
BRDA:41,1,0,1
BRDA:41,1,1,1
BRDA:55,2,0,1
BRDA:55,2,1,1
BRF:6
BRH:6
end_of_record
TN:
SF:src/controllers/recruiter.ts
FN:5,(anonymous_1)
FN:8,(anonymous_2)
FN:9,(anonymous_3)
FN:12,(anonymous_4)
FN:26,(anonymous_5)
FN:27,(anonymous_6)
FN:30,(anonymous_7)
FN:33,(anonymous_8)
FN:39,(anonymous_9)
FNF:9
FNH:6
FNDA:1,(anonymous_1)
FNDA:1,(anonymous_2)
FNDA:0,(anonymous_3)
FNDA:2,(anonymous_4)
FNDA:1,(anonymous_5)
FNDA:0,(anonymous_6)
FNDA:2,(anonymous_7)
FNDA:2,(anonymous_8)
FNDA:0,(anonymous_9)
DA:2,1
DA:3,1
DA:5,1
DA:6,1
DA:8,1
DA:9,0
DA:12,1
DA:13,2
DA:14,2
DA:15,1
DA:17,1
DA:26,1
DA:27,0
DA:30,1
DA:31,2
DA:34,2
DA:35,1
DA:37,1
DA:39,0
LF:19
LH:16
BRDA:14,0,0,1
BRDA:14,0,1,1
BRDA:34,1,0,1
BRDA:34,1,1,1
BRF:4
BRH:4
end_of_record
TN:
SF:src/controllers/report.ts
FN:5,(anonymous_1)
FN:13,(anonymous_2)
FN:16,(anonymous_3)
FN:21,(anonymous_4)
FN:28,(anonymous_5)
FN:31,(anonymous_6)
FN:36,(anonymous_7)
FN:39,(anonymous_8)
FN:45,(anonymous_9)
FN:50,(anonymous_10)
FN:53,(anonymous_11)
FN:62,(anonymous_12)
FN:63,(anonymous_13)
FN:65,(anonymous_14)
FNF:14
FNH:9
FNDA:1,(anonymous_1)
FNDA:1,(anonymous_2)
FNDA:0,(anonymous_3)
FNDA:1,(anonymous_4)
FNDA:1,(anonymous_5)
FNDA:0,(anonymous_6)
FNDA:3,(anonymous_7)
FNDA:3,(anonymous_8)
FNDA:0,(anonymous_9)
FNDA:2,(anonymous_10)
FNDA:2,(anonymous_11)
FNDA:1,(anonymous_12)
FNDA:0,(anonymous_13)
FNDA:0,(anonymous_14)
DA:2,1
DA:3,1
DA:5,1
DA:6,1
DA:14,1
DA:17,0
DA:21,1
DA:22,1
DA:29,1
DA:32,0
DA:36,1
DA:37,3
DA:40,3
DA:41,2
DA:43,1
DA:46,0
DA:50,1
DA:51,2
DA:54,2
DA:55,1
DA:57,1
DA:62,1
DA:63,0
DA:66,0
LF:24
LH:19
BRDA:40,0,0,2
BRDA:40,0,1,1
BRDA:54,1,0,1
BRDA:54,1,1,1
BRF:4
BRH:4
end_of_record
TN:
SF:src/middleware/is-auth.ts
FN:9,(anonymous_1)
FN:17,(anonymous_2)
FNF:2
FNH:2
FNDA:23,(anonymous_1)
FNDA:22,(anonymous_2)
DA:2,1
DA:3,1
DA:6,1
DA:7,1
DA:9,1
DA:10,23
DA:11,23
DA:13,23
DA:14,1
DA:17,22
DA:18,22
DA:19,0
DA:21,22
DA:22,22
LF:14
LH:13
BRDA:7,0,0,1
BRDA:7,0,1,1
BRDA:11,1,0,23
BRDA:11,1,1,22
BRDA:13,2,0,1
BRDA:13,2,1,22
BRDA:18,3,0,0
BRDA:18,3,1,22
BRF:8
BRH:7
end_of_record
TN:
SF:src/middleware/validate-request-schema.ts
FN:30,(anonymous_1)
FN:33,(anonymous_2)
FN:48,(anonymous_3)
FN:51,(anonymous_4)
FNF:4
FNH:4
FNDA:4,(anonymous_1)
FNDA:4,(anonymous_2)
FNDA:2,(anonymous_3)
FNDA:2,(anonymous_4)
DA:1,1
DA:2,1
DA:3,1
DA:5,1
DA:13,1
DA:21,1
DA:31,4
DA:34,4
DA:35,2
DA:41,1
DA:49,2
DA:52,2
DA:53,0
DA:59,1
LF:14
LH:13
BRDA:34,0,0,2
BRDA:34,0,1,2
BRDA:52,1,0,0
BRDA:52,1,1,2
BRF:4
BRH:3
end_of_record
TN:
SF:src/models/candidate.ts
FNF:0
FNH:0
DA:1,1
DA:3,1
DA:5,1
DA:44,1
LF:4
LH:4
BRF:0
BRH:0
end_of_record
TN:
SF:src/models/courtSearch.ts
FNF:0
FNH:0
DA:3,1
DA:4,1
DA:5,1
DA:7,1
DA:36,1
DA:40,1
DA:42,1
LF:7
LH:7
BRF:0
BRH:0
end_of_record
TN:
SF:src/models/recruiter.ts
FNF:0
FNH:0
DA:1,1
DA:3,1
DA:4,1
DA:6,1
DA:39,1
DA:40,1
DA:42,1
LF:7
LH:7
BRF:0
BRH:0
end_of_record
TN:
SF:src/models/report.ts
FNF:0
FNH:0
DA:2,1
DA:3,1
DA:5,1
DA:7,1
DA:38,1
DA:42,1
DA:44,1
LF:7
LH:7
BRF:0
BRH:0
end_of_record
TN:
SF:src/models/session.ts
FNF:0
FNH:0
DA:5,0
LF:1
LH:0
BRF:0
BRH:0
end_of_record
TN:
SF:src/routes/auth.ts
FNF:0
FNH:0
DA:1,1
DA:2,1
DA:3,1
DA:5,1
DA:7,1
DA:10,1
DA:12,1
LF:7
LH:7
BRF:0
BRH:0
end_of_record
TN:
SF:src/routes/candidates.ts
FNF:0
FNH:0
DA:1,1
DA:2,1
DA:3,1
DA:4,1
DA:6,1
DA:7,1
DA:8,1
DA:10,1
DA:11,1
DA:14,1
LF:10
LH:10
BRF:0
BRH:0
end_of_record
TN:
SF:src/routes/courtSearches.ts
FNF:0
FNH:0
DA:1,1
DA:2,1
DA:3,1
DA:4,1
DA:6,1
DA:8,1
DA:9,1
DA:10,1
DA:11,1
DA:13,1
LF:10
LH:10
BRF:0
BRH:0
end_of_record
TN:
SF:src/routes/recruiter.ts
FNF:0
FNH:0
DA:1,1
DA:2,1
DA:3,1
DA:4,1
DA:6,1
DA:7,1
DA:9,1
DA:12,1
LF:8
LH:8
BRF:0
BRH:0
end_of_record
TN:
SF:src/routes/reports.ts
FNF:0
FNH:0
DA:1,1
DA:2,1
DA:3,1
DA:5,1
DA:7,1
DA:8,1
DA:9,1
DA:10,1
DA:12,1
LF:9
LH:9
BRF:0
BRH:0
end_of_record
TN:
SF:src/utils/database.ts
FNF:0
FNH:0
DA:1,1
DA:2,1
DA:3,1
DA:5,1
DA:13,1
LF:5
LH:5
BRF:0
BRH:0
end_of_record
